<?xml version="1.0" encoding="UTF-8"?>
<testng-results skipped="0" failed="0" ignored="0" total="1" passed="1">
  <reporter-output>
  </reporter-output>
  <suite name="Default suite" duration-ms="18022" started-at="2019-12-30T07:21:23Z" finished-at="2019-12-30T07:21:41Z">
    <groups>
    </groups>
    <test name="Default test" duration-ms="18022" started-at="2019-12-30T07:21:23Z" finished-at="2019-12-30T07:21:41Z">
      <class name="page1.BusticketTest">
        <test-method status="PASS" signature="TC_Busticket()[pri:0, instance:page1.BusticketTest@178f375]" name="TC_Busticket" duration-ms="18002" started-at="2019-12-30T12:51:23Z" finished-at="2019-12-30T12:51:41Z">
          <reporter-output>
          </reporter-output>
        </test-method> <!-- TC_Busticket -->
      </class> <!-- page1.BusticketTest -->
    </test> <!-- Default test -->
  </suite> <!-- Default suite -->
</testng-results>
