<?xml version="1.0" encoding="UTF-8"?>
<testng-results skipped="0" failed="0" ignored="0" total="1" passed="1">
  <reporter-output>
  </reporter-output>
  <suite name="Default suite" duration-ms="11017" started-at="2020-01-02T05:06:29Z" finished-at="2020-01-02T05:06:40Z">
    <groups>
    </groups>
    <test name="Default test" duration-ms="11017" started-at="2020-01-02T05:06:29Z" finished-at="2020-01-02T05:06:40Z">
      <class name="page1.FirstpagelinkTest">
        <test-method status="PASS" signature="b()[pri:0, instance:page1.FirstpagelinkTest@15eef3d]" name="b" is-config="true" duration-ms="7631" started-at="2020-01-02T10:36:29Z" finished-at="2020-01-02T10:36:37Z">
          <reporter-output>
          </reporter-output>
        </test-method> <!-- b -->
        <test-method status="PASS" signature="TC_001()[pri:0, instance:page1.FirstpagelinkTest@15eef3d]" name="TC_001" duration-ms="3367" started-at="2020-01-02T10:36:37Z" finished-at="2020-01-02T10:36:40Z">
          <reporter-output>
          </reporter-output>
        </test-method> <!-- TC_001 -->
      </class> <!-- page1.FirstpagelinkTest -->
    </test> <!-- Default test -->
  </suite> <!-- Default suite -->
</testng-results>
